/usr/bin/make -j1 O=/home/sabooh/buildroot_try5/buildroot/output HOSTCC="/usr/bin/gcc" HOSTCXX="/usr/bin/g++" silentoldconfig
make[2]: warning: -jN forced in submake: disabling jobserver mode.
[7m>>> gnuradio 3.7.11 Building[27m
PATH="/home/sabooh/buildroot_try5/buildroot/output/host/bin:/home/sabooh/buildroot_try5/buildroot/output/host/sbin:/home/sabooh/bin:/home/sabooh/.local/bin:/usr/local/sbin:/usr/local/bin:/usr/sbin:/usr/bin:/sbin:/bin:/usr/games:/usr/local/games:/snap/bin"  /usr/bin/make   -C /home/sabooh/buildroot_try5/buildroot/output/build/gnuradio-3.7.11//buildroot-build
[  0%] Built target pmt_generated
[  0%] Built target pygen_volk_python_volk_modtool_e3539
[  0%] Built target pygen_gnuradio_runtime_python_pmt_eb8f8
[  1%] Built target pygen_gnuradio_runtime_examples_mp_sched_db30f
[  1%] Built target pygen_gnuradio_runtime_python_gnuradio_ctrlport_63d33
[  1%] Built target pygen_gnuradio_runtime_python_gnuradio_gru_cf5e5
[  1%] Built target pygen_volk_python_volk_modtool_ad12a
[  1%] Built target filter_generated_includes
[  1%] Built target digital_generated_includes
[  1%] Built target analog_generated_includes
[  2%] Built target pygen_gnuradio_runtime_python_gnuradio_ctrlport_3b6eb
[  2%] Built target pygen_gnuradio_runtime_python_gnuradio_gr_4f467
[  2%] Built target pygen_gnuradio_runtime_python_gnuradio_bf8e5
[  3%] Built target trellis_generated_includes
[  5%] Built target blocks_generated_includes
[  5%] Built target pygen_gr_blocks_python_grc_gnuradio_8b2e8
[  5%] Built target pygen_gr_blocks_python_grc_gnuradio_2a581
[  5%] Built target pygen_gr_blocks_examples_tags_ab71e
[  6%] Built target pygen_gr_blocks_python_blocks_6c83c
[  6%] Built target pygen_gnuradio_runtime_examples_network_d4a64
[  6%] Built target pygen_gnuradio_runtime_examples_volk_benchmark_ed6ea
[  6%] Built target pygen_grc_core_utils_102df
[  6%] Built target pygen_grc_e9654
[  6%] Built target pygen_gr_blocks_examples_ctrlport_85c1f
[ 11%] Built target volk_obj
[ 11%] Built target pygen_gr_blocks_swig_64263
[ 11%] Built target grc_generated_xml
[ 11%] Built target pygen_grc_scripts_4a028
[ 12%] Built target pygen_grc_gui_74f77
[ 12%] Built target pygen_grc_core_generator_17547
[ 12%] Built target pygen_gr_fec_python_fec_LDPC_5a8e9
[ 13%] Built target pygen_gr_fec_python_fec_8b140
[ 13%] Built target pygen_gr_fec_python_fec_polar_f667e
[ 13%] Built target pygen_gr_fec_python_fec_polar_f8ed5
[ 14%] Built target pygen_gr_filter_python_filter_design_b4ac8
[ 14%] Built target pygen_gr_filter_python_filter_4deec
[ 14%] Built target pygen_grc_core_ce8b8
[ 14%] Built target pygen_gr_filter_apps_d4cbd
[ 14%] Built target pygen_gr_fft_python_fft_40ce4
[ 14%] Built target pygen_gr_filter_python_filter_gui_af034
[ 15%] Built target pygen_gr_analog_examples_tags_4ece1
[ 16%] Built target pygen_gr_digital_swig_4e3e8
[ 17%] Built target pygen_gr_filter_examples_1ab0b
[ 18%] Built target pygen_gr_digital_examples_ef4ff
[ 18%] Built target pygen_gr_analog_python_analog_acb04
[ 18%] Built target pygen_gr_analog_examples_8e75b
[ 18%] Built target pygen_gr_digital_python_digital_abe6f
[ 18%] Built target pygen_gr_digital_python_grc_gnuradio_fc07c
[ 18%] Built target pygen_gr_dtv_python_dtv_5e295
[ 19%] Built target pygen_gr_digital_examples_aa798
[ 19%] Built target pygen_gr_dtv_apps_588ab
[ 19%] Built target pygen_gr_atsc_python_atsc_33c59
[ 19%] Built target pygen_gr_digital_python_digital_0fa2e
[ 19%] Built target pygen_gr_dtv_examples_77891
[ 19%] Built target pygen_gr_digital_examples_bda02
[ 19%] Built target pygen_gr_channels_python_channels_3dd2d
[ 20%] Built target pygen_gr_audio_examples_python_1b962
[ 20%] Built target pygen_gr_trellis_python_trellis_7dec2
[ 20%] Built target pygen_gr_pager_apps_31fe6
[ 20%] Built target pygen_gr_atsc_python_atsc_f3743
[ 20%] Built target gr_trellis_xml
[ 20%] Built target pygen_gr_noaa_python_noaa_5bb87
[ 20%] Built target pygen_gr_trellis_swig_f6bc3
[ 21%] Built target uhd_grc_xml_blocks
[ 21%] Built target pygen_gr_audio_python_audio_13488
[ 21%] Built target pygen_gr_pager_python_pager_970fc
[ 21%] Built target pygen_gr_trellis_examples_python_a755d
[ 21%] Built target pygen_gr_uhd_python_uhd_198ee
[ 21%] Built target pygen_gr_uhd_apps_75298
[ 21%] Built target pygen_gr_uhd_apps_2bba7
[ 21%] Built target pygen_gr_uhd_apps_6b0b2
[ 21%] Built target pygen_gr_uhd_apps_b5805
[ 22%] Built target pygen_gr_utils_python_utils_c1b8f
[ 22%] Built target pygen_gr_utils_python_modtool_bf834
[ 23%] Built target pygen_gr_uhd_apps_62ac1
[ 24%] Built target pygen_gr_uhd_examples_python_0fa0e
[ 24%] Built target volk
[ 24%] Built target pygen_gr_wavelet_python_wavelet_bcc80
[ 25%] Built target _pmt_swig_doc_tag
[ 25%] Built target pygen_gr_utils_python_utils_2cdf0
[ 25%] Built target pygen_gr_fcd_python_fcd_5cc27
[ 25%] Built target doxygen_target
[ 26%] Built target gnuradio-pmt
[ 26%] Built target volk-config-info
[ 26%] Built target volk_profile
[ 26%] Built target pmt_swig_swig_doc
[ 26%] Built target _pmt_swig_swig_tag
[ 30%] Built target gnuradio-runtime
[ 30%] Built target pmt_swig_gnuradio_runtime_swig_7dd5e
[ 30%] Built target gnuradio-config-info
[ 31%] Built target gnuradio-noaa
[ 31%] Built target gnuradio-fft
[ 31%] Built target gnuradio-uhd
[ 31%] Built target gnuradio-audio
[ 31%] Built target pygen_gnuradio_runtime_swig_86878
[ 31%] Built target _pmt_swig
[ 31%] Built target tags_demo
[ 31%] Built target pmt_swig
[ 31%] Built target _runtime_swig_doc_tag
[ 31%] Built target runtime_swig_swig_doc
[ 31%] Built target _analog_swig_doc_tag
[ 31%] Built target _fec_swig_doc_tag
[ 31%] Built target _dtv_swig_doc_tag
[ 31%] Built target _runtime_swig_swig_tag
[ 31%] Built target _blocks_swig0_doc_tag
[ 31%] Built target _blocks_swig5_doc_tag
[ 31%] Built target _digital_swig2_doc_tag
[ 31%] Built target _blocks_swig2_doc_tag
[ 31%] Built target _digital_swig0_doc_tag
[ 31%] Built target _blocks_swig4_doc_tag
[ 32%] Built target _fft_swig_doc_tag
[ 32%] Built target _blocks_swig1_doc_tag
[ 32%] Built target _digital_swig1_doc_tag
[ 32%] Built target _blocks_swig3_doc_tag
[ 32%] Built target _channels_swig_doc_tag
[ 32%] Built target _atsc_swig_doc_tag
[ 32%] Built target _gr_filter_swig_doc_tag
[ 32%] Built target _wavelet_swig_doc_tag
[ 33%] Built target _fcd_swig_doc_tag
[ 33%] Built target _pager_swig_doc_tag
[ 33%] Built target _uhd_swig_doc_tag
[ 33%] Built target _trellis_swig1_doc_tag
[ 34%] Built target _noaa_swig_doc_tag
[ 34%] Built target _audio_swig_doc_tag
[ 34%] Built target _trellis_swig0_doc_tag
[ 34%] Built target blocks_swig5_swig_doc
[ 34%] Built target runtime_swig_gnuradio_runtime_swig_7dd5e
[ 34%] Built target blocks_swig4_swig_doc
[ 34%] Built target fec_swig_swig_doc
[ 35%] Built target blocks_swig1_swig_doc
[ 35%] Built target digital_swig2_swig_doc
[ 35%] Built target fft_swig_swig_doc
[ 35%] Built target blocks_swig0_swig_doc
[ 54%] Built target gnuradio-blocks
[ 54%] Built target filter_swig_swig_doc
[ 54%] Built target digital_swig0_swig_doc
[ 54%] Built target digital_swig1_swig_doc
[ 54%] Built target blocks_swig2_swig_doc
[ 55%] Built target analog_swig_swig_doc
[ 55%] Built target audio_swig_swig_doc
[ 55%] Built target dtv_swig_swig_doc
[ 55%] Built target noaa_swig_swig_doc
[ 55%] Built target channels_swig_swig_doc
[ 55%] Built target atsc_swig_swig_doc
[ 55%] Built target trellis_swig0_swig_doc
[ 55%] Built target pygen_gnuradio_runtime_swig_35506
[ 55%] Built target trellis_swig1_swig_doc
[ 55%] Built target uhd_swig_swig_doc
[ 55%] Built target gnuradio-wavelet
[ 55%] Built target fcd_swig_swig_doc
[ 55%] Built target pager_swig_swig_doc
[ 56%] Built target wavelet_swig_swig_doc
[ 56%] Built target _blocks_swig5_swig_tag
[ 56%] Built target _runtime_swig
[ 56%] Built target _blocks_swig4_swig_tag
[ 56%] Built target blocks_swig3_swig_doc
[ 56%] Built target _blocks_swig2_swig_tag
[ 56%] Built target _blocks_swig0_swig_tag
[ 56%] Built target _digital_swig2_swig_tag
[ 56%] Built target _digital_swig0_swig_tag
[ 56%] Built target _analog_swig_swig_tag
[ 56%] Built target _blocks_swig1_swig_tag
[ 56%] Built target _fec_swig_swig_tag
[ 56%] Built target _audio_swig_swig_tag
[ 56%] Built target _filter_swig_swig_tag
[ 60%] Built target gnuradio-fec
[ 60%] Built target _dtv_swig_swig_tag
[ 60%] Built target gnuradio-pager
[ 60%] Built target _fft_swig_swig_tag
[ 60%] Built target _channels_swig_swig_tag
[ 60%] Built target _noaa_swig_swig_tag
[ 60%] Built target _atsc_swig_swig_tag
[ 61%] Built target _trellis_swig0_swig_tag
[ 61%] Built target _pager_swig_swig_tag
[ 61%] Built target _digital_swig1_swig_tag
[ 61%] Built target _fcd_swig_swig_tag
[ 65%] Built target gnuradio-filter
[ 66%] Built target _uhd_swig_swig_tag
[ 66%] Built target gnuradio-fcd
[ 66%] Built target _trellis_swig1_swig_tag
[ 66%] Built target blocks_swig4_gr_blocks_swig_a6e57
[ 67%] Built target blocks_swig5_gr_blocks_swig_a6e57
[ 67%] Built target _blocks_swig3_swig_tag
[ 67%] Built target _wavelet_swig_swig_tag
[ 68%] Built target fft_swig_gr_fft_swig_7c2a8
[ 68%] Built target analog_swig_gr_analog_swig_343b7
[ 68%] Built target blocks_swig1_gr_blocks_swig_a6e57
[ 68%] Built target fec_swig_gr_fec_swig_95135
[ 68%] Built target blocks_swig0_gr_blocks_swig_a6e57
[ 68%] Built target channels_swig_gr_channels_swig_733d0
[ 68%] Built target atsc_swig_gr_atsc_swig_4c1be
[ 68%] Built target digital_swig1_gr_digital_swig_61a2d
[ 68%] Built target audio_swig_gr_audio_swig_675a4
[ 68%] Built target filter_swig_gr_filter_swig_2b734
[ 68%] Built target blocks_swig2_gr_blocks_swig_a6e57
[ 68%] Built target digital_swig2_gr_digital_swig_61a2d
[ 69%] Built target noaa_swig_gr_noaa_swig_6fd1f
[ 70%] Built target dtv_swig_gr_dtv_swig_8366b
[ 70%] Built target fcd_swig_gr_fcd_swig_d328a
[ 70%] Built target trellis_swig1_gr_trellis_swig_30622
[ 70%] Built target uhd_swig_gr_uhd_swig_5e3ce
[ 70%] Built target pygen_gr_blocks_swig_f42c3
[ 71%] Built target digital_swig0_gr_digital_swig_61a2d
[ 71%] Built target trellis_swig0_gr_trellis_swig_30622
[ 71%] Built target pager_swig_gr_pager_swig_b2a57
[ 71%] Built target blocks_swig3_gr_blocks_swig_a6e57
[ 71%] Built target _blocks_swig0
[ 72%] Built target _blocks_swig1
[ 72%] Built target pygen_gr_blocks_swig_85584
[ 72%] Built target wavelet_swig_gr_wavelet_swig_fa30f
[ 73%] Built target _blocks_swig5
[ 73%] Built target pygen_gr_fec_swig_c5ec3
[ 73%] Built target _blocks_swig4
[ 73%] Built target pygen_gr_blocks_swig_67a79
[ 73%] Built target pygen_gr_fft_swig_e62ce
[ 73%] Built target _fec_swig
[ 73%] Built target _filter_swig
[ 73%] Built target pygen_gr_filter_swig_d970a
[ 73%] Built target _fft_swig
[ 73%] Built target pygen_gr_dtv_swig_e4629
[ 73%] Built target pygen_gr_analog_swig_a0e8b
[ 74%] Built target pygen_gr_blocks_swig_ca2e0
[ 74%] Built target pygen_gr_digital_swig_0ad75
[ 74%] Built target pygen_gr_digital_swig_f8a0a
[ 74%] Built target pygen_gr_digital_swig_3474b
[ 74%] Built target pygen_gr_atsc_swig_ec607
[ 74%] Built target _noaa_swig
[ 74%] Built target pygen_gr_audio_swig_3f2f1
[ 75%] Built target _audio_swig
[ 76%] Built target pygen_gr_pager_swig_4eb1b
[ 79%] Built target gnuradio-analog
[ 79%] Built target _pager_swig
[ 79%] Built target pygen_gr_trellis_swig_45cda
[ 79%] Built target pygen_gr_noaa_swig_28dd4
[ 79%] Built target pygen_gr_fcd_swig_91f69
[ 79%] Built target pygen_gr_channels_swig_e31be
[ 79%] Built target _uhd_swig
make[4]: *** No rule to make target '../gr-atsc/lib/atsci_viterbi_gen', needed by 'gr-atsc/lib/atsci_viterbi_mux.cc'.  Stop.
[ 80%] Built target pygen_gr_uhd_swig_9ee90
[ 80%] Built target pygen_gr_trellis_swig_dd22f
CMakeFiles/Makefile2:8602: recipe for target 'gr-atsc/lib/CMakeFiles/gnuradio-atsc.dir/all' failed
make[3]: *** [gr-atsc/lib/CMakeFiles/gnuradio-atsc.dir/all] Error 2
make[3]: *** Waiting for unfinished jobs....
[ 80%] Built target pygen_gr_blocks_swig_5da99
[ 80%] Built target _wavelet_swig
[ 80%] Built target pygen_gr_blocks_swig_d7241
[ 80%] Built target _blocks_swig2
[ 81%] Built target _blocks_swig3
[ 81%] Built target pygen_gr_wavelet_swig_45833
[ 81%] Built target _fcd_swig
[ 81%] Built target _analog_swig
[ 81%] Built target dial_tone
[ 81%] Built target fcd_nfm_rx
[ 81%] Built target gnuradio-channels
[ 84%] Built target gnuradio-dtv
[ 90%] Built target gnuradio-digital
Makefile:160: recipe for target 'all' failed
make[2]: *** [all] Error 2
package/pkg-generic.mk:234: recipe for target '/home/sabooh/buildroot_try5/buildroot/output/build/gnuradio-3.7.11/.stamp_built' failed
make[1]: *** [/home/sabooh/buildroot_try5/buildroot/output/build/gnuradio-3.7.11/.stamp_built] Error 2
Makefile:79: recipe for target '_all' failed
make: *** [_all] Error 2
