/usr/bin/make -j1 O=/home/sabooh/buildroot_try5/buildroot/output HOSTCC="/usr/bin/gcc" HOSTCXX="/usr/bin/g++" silentoldconfig
make[2]: warning: -jN forced in submake: disabling jobserver mode.
[7m>>> cppunit 1.13.2 Downloading[27m
--2018-01-16 17:53:00--  http://dev-www.libreoffice.org/src/cppunit-1.13.2.tar.gz
Resolving dev-www.libreoffice.org (dev-www.libreoffice.org)... 89.238.68.201, 2a00:1828:a012:201::1
Connecting to dev-www.libreoffice.org (dev-www.libreoffice.org)|89.238.68.201|:80... connected.
HTTP request sent, awaiting response... 200 OK
Length: 953596 (931K) [application/octet-stream]
Saving to: '/home/sabooh/buildroot_try5/buildroot/output/build/.cppunit-1.13.2.tar.gz.Yc3y48/output’

     0K .......... .......... .......... .......... ..........  5% 61.7K 14s
    50K .......... .......... .......... .......... .......... 10% 60.3K 14s
   100K .......... .......... .......... .......... .......... 16% 51.8M 9s
   150K .......... .......... .......... .......... .......... 21%  117M 6s
   200K .......... .......... .......... .......... .......... 26% 3.31M 5s
   250K .......... .......... .......... .......... .......... 32%  122K 4s
   300K .......... .......... .......... .......... .......... 37%  128K 4s
   350K .......... .......... .......... .......... .......... 42% 2.07M 3s
   400K .......... .......... .......... .......... .......... 48% 62.3K 4s
   450K .......... .......... .......... .......... .......... 53%  124M 3s
   500K .......... .......... .......... .......... .......... 59%  137M 2s
   550K .......... .......... .......... .......... .......... 64%  123K 2s
   600K .......... .......... .......... .......... .......... 69%  124K 2s
   650K .......... .......... .......... .......... .......... 75% 12.7M 1s
   700K .......... .......... .......... .......... .......... 80%  122K 1s
   750K .......... .......... .......... .......... .......... 85%  121K 1s
   800K .......... .......... .......... .......... .......... 91%  124M 0s
   850K .......... .......... .......... .......... .......... 96%  119K 0s
   900K .......... .......... .......... .                    100%  164M=5.3s

2018-01-16 17:53:07 (174 KB/s) - '/home/sabooh/buildroot_try5/buildroot/output/build/.cppunit-1.13.2.tar.gz.Yc3y48/output’ saved [953596/953596]

cppunit-1.13.2.tar.gz: OK (md5: d1c6bdd5a76c66d2c38331e2d287bc01)
cppunit-1.13.2.tar.gz: OK (sha512: 8f4be569f321d577cec31931f49f4df143bc94e283605509b6ea50c60690aa91a2aed940e7eebd4b2413a4218f9a6c3978d312d8e587eab040283c6563846ecd)
[7m>>> cppunit 1.13.2 Extracting[27m
gzip -d -c /home/sabooh/buildroot_try5/buildroot/dl/cppunit-1.13.2.tar.gz | tar --strip-components=1 -C /home/sabooh/buildroot_try5/buildroot/output/build/cppunit-1.13.2   -xf -
[7m>>> cppunit 1.13.2 Patching[27m
[7m>>> cppunit 1.13.2 Updating config.sub and config.guess[27m
for file in config.guess config.sub; do for i in $(find /home/sabooh/buildroot_try5/buildroot/output/build/cppunit-1.13.2 -name $file); do cp support/gnuconfig/$file $i; done; done
[7m>>> cppunit 1.13.2 Patching libtool[27m
patching file /home/sabooh/buildroot_try5/buildroot/output/build/cppunit-1.13.2/config/ltmain.sh
patching file /home/sabooh/buildroot_try5/buildroot/output/build/cppunit-1.13.2/ltmain.sh
[7m>>> cppunit 1.13.2 Configuring[27m
(cd /home/sabooh/buildroot_try5/buildroot/output/build/cppunit-1.13.2/ && rm -rf config.cache && PATH="/home/sabooh/buildroot_try5/buildroot/output/host/bin:/home/sabooh/buildroot_try5/buildroot/output/host/sbin:/home/sabooh/bin:/home/sabooh/.local/bin:/usr/local/sbin:/usr/local/bin:/usr/sbin:/usr/bin:/sbin:/bin:/usr/games:/usr/local/games:/snap/bin" AR="/home/sabooh/buildroot_try5/buildroot/output/host/bin/arm-linux-gnueabihf-ar" AS="/home/sabooh/buildroot_try5/buildroot/output/host/bin/arm-linux-gnueabihf-as" LD="/home/sabooh/buildroot_try5/buildroot/output/host/bin/arm-linux-gnueabihf-ld" NM="/home/sabooh/buildroot_try5/buildroot/output/host/bin/arm-linux-gnueabihf-nm" CC="/home/sabooh/buildroot_try5/buildroot/output/host/bin/arm-linux-gnueabihf-gcc" GCC="/home/sabooh/buildroot_try5/buildroot/output/host/bin/arm-linux-gnueabihf-gcc" CPP="/home/sabooh/buildroot_try5/buildroot/output/host/bin/arm-linux-gnueabihf-cpp" CXX="/home/sabooh/buildroot_try5/buildroot/output/host/bin/arm-linux-gnueabihf-g++" FC="/home/sabooh/buildroot_try5/buildroot/output/host/bin/arm-linux-gnueabihf-gfortran" F77="/home/sabooh/buildroot_try5/buildroot/output/host/bin/arm-linux-gnueabihf-gfortran" RANLIB="/home/sabooh/buildroot_try5/buildroot/output/host/bin/arm-linux-gnueabihf-ranlib" READELF="/home/sabooh/buildroot_try5/buildroot/output/host/bin/arm-linux-gnueabihf-readelf" STRIP="/home/sabooh/buildroot_try5/buildroot/output/host/bin/arm-linux-gnueabihf-strip" OBJCOPY="/home/sabooh/buildroot_try5/buildroot/output/host/bin/arm-linux-gnueabihf-objcopy" OBJDUMP="/home/sabooh/buildroot_try5/buildroot/output/host/bin/arm-linux-gnueabihf-objdump" AR_FOR_BUILD="/usr/bin/ar" AS_FOR_BUILD="/usr/bin/as" CC_FOR_BUILD="/usr/bin/gcc" GCC_FOR_BUILD="/usr/bin/gcc" CXX_FOR_BUILD="/usr/bin/g++" LD_FOR_BUILD="/usr/bin/ld" CPPFLAGS_FOR_BUILD="-I/home/sabooh/buildroot_try5/buildroot/output/host/include" CFLAGS_FOR_BUILD="-O2 -I/home/sabooh/buildroot_try5/buildroot/output/host/include" CXXFLAGS_FOR_BUILD="-O2 -I/home/sabooh/buildroot_try5/buildroot/output/host/include" LDFLAGS_FOR_BUILD="-L/home/sabooh/buildroot_try5/buildroot/output/host/lib -Wl,-rpath,/home/sabooh/buildroot_try5/buildroot/output/host/lib" FCFLAGS_FOR_BUILD="" DEFAULT_ASSEMBLER="/home/sabooh/buildroot_try5/buildroot/output/host/bin/arm-linux-gnueabihf-as" DEFAULT_LINKER="/home/sabooh/buildroot_try5/buildroot/output/host/bin/arm-linux-gnueabihf-ld" CPPFLAGS="-D_LARGEFILE_SOURCE -D_LARGEFILE64_SOURCE -D_FILE_OFFSET_BITS=64" CFLAGS="-D_LARGEFILE_SOURCE -D_LARGEFILE64_SOURCE -D_FILE_OFFSET_BITS=64  -Os " CXXFLAGS="-D_LARGEFILE_SOURCE -D_LARGEFILE64_SOURCE -D_FILE_OFFSET_BITS=64  -Os " LDFLAGS="" FCFLAGS=" -Os " FFLAGS=" -Os " PKG_CONFIG="/home/sabooh/buildroot_try5/buildroot/output/host/bin/pkg-config" STAGING_DIR="/home/sabooh/buildroot_try5/buildroot/output/host/arm-buildroot-linux-gnueabihf/sysroot" INTLTOOL_PERL=/usr/bin/perl ac_cv_lbl_unaligned_fail=yes ac_cv_func_mmap_fixed_mapped=yes ac_cv_func_memcmp_working=yes ac_cv_have_decl_malloc=yes gl_cv_func_malloc_0_nonnull=yes ac_cv_func_malloc_0_nonnull=yes ac_cv_func_calloc_0_nonnull=yes ac_cv_func_realloc_0_nonnull=yes lt_cv_sys_lib_search_path_spec="" ac_cv_c_bigendian=no   CONFIG_SITE=/dev/null ./configure --target=arm-buildroot-linux-gnueabihf --host=arm-buildroot-linux-gnueabihf --build=x86_64-pc-linux-gnu --prefix=/usr --exec-prefix=/usr --sysconfdir=/etc --localstatedir=/var --program-prefix="" --disable-gtk-doc --disable-gtk-doc-html --disable-doc --disable-docs --disable-documentation --with-xmlto=no --with-fop=no --disable-dependency-tracking --enable-ipv6 --disable-nls --disable-static --enable-shared  --disable-doxygen )
configure: WARNING: unrecognized options: --disable-gtk-doc, --disable-gtk-doc-html, --disable-doc, --disable-docs, --disable-documentation, --with-xmlto, --with-fop, --enable-ipv6, --disable-nls
checking for a BSD-compatible install... /usr/bin/install -c
checking whether build environment is sane... yes
checking for arm-buildroot-linux-gnueabihf-strip... /home/sabooh/buildroot_try5/buildroot/output/host/bin/arm-linux-gnueabihf-strip
checking for a thread-safe mkdir -p... /bin/mkdir -p
checking for gawk... no
checking for mawk... mawk
checking whether make sets $(MAKE)... yes
checking whether make supports nested variables... yes
checking whether make sets $(MAKE)... (cached) yes
checking for arm-buildroot-linux-gnueabihf-gcc... /home/sabooh/buildroot_try5/buildroot/output/host/bin/arm-linux-gnueabihf-gcc
checking whether the C compiler works... yes
checking for C compiler default output file name... a.out
checking for suffix of executables... 
checking whether we are cross compiling... yes
checking for suffix of object files... o
checking whether we are using the GNU C compiler... yes
checking whether /home/sabooh/buildroot_try5/buildroot/output/host/bin/arm-linux-gnueabihf-gcc accepts -g... yes
checking for /home/sabooh/buildroot_try5/buildroot/output/host/bin/arm-linux-gnueabihf-gcc option to accept ISO C89... none needed
checking for style of include used by make... GNU
checking dependency style of /home/sabooh/buildroot_try5/buildroot/output/host/bin/arm-linux-gnueabihf-gcc... none
checking whether we are using the GNU C++ compiler... yes
checking whether /home/sabooh/buildroot_try5/buildroot/output/host/bin/arm-linux-gnueabihf-g++ accepts -g... yes
checking dependency style of /home/sabooh/buildroot_try5/buildroot/output/host/bin/arm-linux-gnueabihf-g++... none
checking build system type... x86_64-pc-linux-gnu
checking host system type... arm-buildroot-linux-gnueabihf
checking how to print strings... printf
checking for a sed that does not truncate output... /bin/sed
checking for grep that handles long lines and -e... /bin/grep
checking for egrep... /bin/grep -E
checking for fgrep... /bin/grep -F
checking for ld used by /home/sabooh/buildroot_try5/buildroot/output/host/bin/arm-linux-gnueabihf-gcc... /home/sabooh/buildroot_try5/buildroot/output/host/bin/arm-linux-gnueabihf-ld
checking if the linker (/home/sabooh/buildroot_try5/buildroot/output/host/bin/arm-linux-gnueabihf-ld) is GNU ld... yes
checking for BSD- or MS-compatible name lister (nm)... /home/sabooh/buildroot_try5/buildroot/output/host/bin/arm-linux-gnueabihf-nm
checking the name lister (/home/sabooh/buildroot_try5/buildroot/output/host/bin/arm-linux-gnueabihf-nm) interface... BSD nm
checking whether ln -s works... yes
checking the maximum length of command line arguments... 1572864
checking whether the shell understands some XSI constructs... yes
checking whether the shell understands "+="... yes
checking how to convert x86_64-pc-linux-gnu file names to arm-buildroot-linux-gnueabihf format... func_convert_file_noop
checking how to convert x86_64-pc-linux-gnu file names to toolchain format... func_convert_file_noop
checking for /home/sabooh/buildroot_try5/buildroot/output/host/bin/arm-linux-gnueabihf-ld option to reload object files... -r
checking for arm-buildroot-linux-gnueabihf-objdump... /home/sabooh/buildroot_try5/buildroot/output/host/bin/arm-linux-gnueabihf-objdump
checking how to recognize dependent libraries... pass_all
checking for arm-buildroot-linux-gnueabihf-dlltool... dlltool
checking how to associate runtime and link libraries... printf %s\n
checking for arm-buildroot-linux-gnueabihf-ar... /home/sabooh/buildroot_try5/buildroot/output/host/bin/arm-linux-gnueabihf-ar
checking for archiver @FILE support... @
checking for arm-buildroot-linux-gnueabihf-strip... (cached) /home/sabooh/buildroot_try5/buildroot/output/host/bin/arm-linux-gnueabihf-strip
checking for arm-buildroot-linux-gnueabihf-ranlib... /home/sabooh/buildroot_try5/buildroot/output/host/bin/arm-linux-gnueabihf-ranlib
checking command to parse /home/sabooh/buildroot_try5/buildroot/output/host/bin/arm-linux-gnueabihf-nm output from /home/sabooh/buildroot_try5/buildroot/output/host/bin/arm-linux-gnueabihf-gcc object... ok
checking for sysroot... no
checking for arm-buildroot-linux-gnueabihf-mt... no
checking for mt... mt
configure: WARNING: using cross tools not prefixed with host triplet
checking if mt is a manifest tool... no
checking how to run the C preprocessor... /home/sabooh/buildroot_try5/buildroot/output/host/bin/arm-linux-gnueabihf-cpp
checking for ANSI C header files... yes
checking for sys/types.h... yes
checking for sys/stat.h... yes
checking for stdlib.h... yes
checking for string.h... yes
checking for memory.h... yes
checking for strings.h... yes
checking for inttypes.h... yes
checking for stdint.h... yes
checking for unistd.h... yes
checking for dlfcn.h... yes
checking for objdir... .libs
checking if /home/sabooh/buildroot_try5/buildroot/output/host/bin/arm-linux-gnueabihf-gcc supports -fno-rtti -fno-exceptions... no
checking for /home/sabooh/buildroot_try5/buildroot/output/host/bin/arm-linux-gnueabihf-gcc option to produce PIC... -fPIC -DPIC
checking if /home/sabooh/buildroot_try5/buildroot/output/host/bin/arm-linux-gnueabihf-gcc PIC flag -fPIC -DPIC works... yes
checking if /home/sabooh/buildroot_try5/buildroot/output/host/bin/arm-linux-gnueabihf-gcc static flag -static works... yes
checking if /home/sabooh/buildroot_try5/buildroot/output/host/bin/arm-linux-gnueabihf-gcc supports -c -o file.o... yes
checking if /home/sabooh/buildroot_try5/buildroot/output/host/bin/arm-linux-gnueabihf-gcc supports -c -o file.o... (cached) yes
checking whether the /home/sabooh/buildroot_try5/buildroot/output/host/bin/arm-linux-gnueabihf-gcc linker (/home/sabooh/buildroot_try5/buildroot/output/host/bin/arm-linux-gnueabihf-ld) supports shared libraries... yes
checking whether -lc should be explicitly linked in... no
checking dynamic linker characteristics... GNU/Linux ld.so
checking how to hardcode library paths into programs... immediate
checking whether stripping libraries is possible... yes
checking if libtool supports shared libraries... yes
checking whether to build shared libraries... yes
checking whether to build static libraries... no
checking how to run the C++ preprocessor... /home/sabooh/buildroot_try5/buildroot/output/host/bin/arm-linux-gnueabihf-g++ -E
checking for ld used by /home/sabooh/buildroot_try5/buildroot/output/host/bin/arm-linux-gnueabihf-g++... /home/sabooh/buildroot_try5/buildroot/output/host/bin/arm-linux-gnueabihf-ld
checking if the linker (/home/sabooh/buildroot_try5/buildroot/output/host/bin/arm-linux-gnueabihf-ld) is GNU ld... yes
checking whether the /home/sabooh/buildroot_try5/buildroot/output/host/bin/arm-linux-gnueabihf-g++ linker (/home/sabooh/buildroot_try5/buildroot/output/host/bin/arm-linux-gnueabihf-ld) supports shared libraries... yes
checking for /home/sabooh/buildroot_try5/buildroot/output/host/bin/arm-linux-gnueabihf-g++ option to produce PIC... -fPIC -DPIC
checking if /home/sabooh/buildroot_try5/buildroot/output/host/bin/arm-linux-gnueabihf-g++ PIC flag -fPIC -DPIC works... yes
checking if /home/sabooh/buildroot_try5/buildroot/output/host/bin/arm-linux-gnueabihf-g++ static flag -static works... yes
checking if /home/sabooh/buildroot_try5/buildroot/output/host/bin/arm-linux-gnueabihf-g++ supports -c -o file.o... yes
checking if /home/sabooh/buildroot_try5/buildroot/output/host/bin/arm-linux-gnueabihf-g++ supports -c -o file.o... (cached) yes
checking whether the /home/sabooh/buildroot_try5/buildroot/output/host/bin/arm-linux-gnueabihf-g++ linker (/home/sabooh/buildroot_try5/buildroot/output/host/bin/arm-linux-gnueabihf-ld) supports shared libraries... yes
checking dynamic linker characteristics... (cached) GNU/Linux ld.so
checking how to hardcode library paths into programs... immediate
checking for shl_load... no
checking for shl_load in -ldld... no
checking for dlopen in -ldl... yes
checking for dlerror... yes
checking for cmath... yes
checking whether the compiler supports Run-Time Type Identification... yes
checking whether the compiler supports GCC C++ ABI name demangling... yes
checking whether the compiler implements namespaces... yes
checking whether std::string::compare takes a string in argument 1... no
checking whether the compiler has stringstream... yes
checking whether the library defines class strstream... checking strstream usability... yes
checking strstream presence... yes
checking for strstream... yes
yes
checking for isfinite... yes
checking for finite... yes
checking that generated files are newer than configure... done
configure: creating ./config.status
config.status: creating Makefile
config.status: creating cppunit.pc
config.status: creating cppunit.spec
config.status: creating cppunit-config
config.status: creating src/Makefile
config.status: creating src/DllPlugInTester/Makefile
config.status: creating src/cppunit/Makefile
config.status: creating include/Makefile
config.status: creating include/cppunit/Makefile
config.status: creating include/cppunit/config/Makefile
config.status: creating include/cppunit/extensions/Makefile
config.status: creating include/cppunit/plugin/Makefile
config.status: creating include/cppunit/portability/Makefile
config.status: creating include/cppunit/tools/Makefile
config.status: creating include/cppunit/ui/Makefile
config.status: creating include/cppunit/ui/mfc/Makefile
config.status: creating include/cppunit/ui/qt/Makefile
config.status: creating include/cppunit/ui/text/Makefile
config.status: creating doc/Makefile
config.status: creating doc/Doxyfile
config.status: creating examples/Makefile
config.status: creating examples/simple/Makefile
config.status: creating examples/hierarchy/Makefile
config.status: creating examples/cppunittest/Makefile
config.status: creating examples/ClockerPlugIn/Makefile
config.status: creating examples/DumperPlugIn/Makefile
config.status: creating examples/money/Makefile
config.status: creating config/config.h
config.status: executing depfiles commands
config.status: executing libtool commands
config.status: executing default commands
configure: WARNING: unrecognized options: --disable-gtk-doc, --disable-gtk-doc-html, --disable-doc, --disable-docs, --disable-documentation, --with-xmlto, --with-fop, --enable-ipv6, --disable-nls
creating include/cppunit/config-auto.h - prefix CPPUNIT for config/config.h defines
/
/
/
/
/
/
/
/
/
/
/
/
/
/
/
/
/
/
/
/
/
/
/
/
/
/
/
.
.
.
.
.
.
.
.
.
[7m>>> cppunit 1.13.2 Building[27m
PATH="/home/sabooh/buildroot_try5/buildroot/output/host/bin:/home/sabooh/buildroot_try5/buildroot/output/host/sbin:/home/sabooh/bin:/home/sabooh/.local/bin:/usr/local/sbin:/usr/local/bin:/usr/sbin:/usr/bin:/sbin:/bin:/usr/games:/usr/local/games:/snap/bin"  /usr/bin/make   -C /home/sabooh/buildroot_try5/buildroot/output/build/cppunit-1.13.2/
Making all in src
Making all in cppunit
  CXX      AdditionalMessage.lo
  CXX      Asserter.lo
  CXX      BeOsDynamicLibraryManager.lo
  CXX      CompilerOutputter.lo
  CXX      DefaultProtector.lo
  CXX      DynamicLibraryManager.lo
  CXX      DynamicLibraryManagerException.lo
  CXX      PlugInManager.lo
  CXX      BriefTestProgressListener.lo
  CXX      SourceLine.lo
  CXX      Protector.lo
  CXX      ProtectorChain.lo
  CXX      Exception.lo
  CXX      RepeatedTest.lo
  CXX      PlugInParameters.lo
  CXX      Message.lo
  CXX      StringTools.lo
  CXX      SynchronizedObject.lo
  CXX      Test.lo
  CXX      TestAssert.lo
Protector.cpp: In member function 'void CppUnit::Protector::reportError(const CppUnit::ProtectorContext&, const CppUnit::Exception&) const':
Protector.cpp:24:8: warning: 'template<class> class std::auto_ptr' is deprecated [-Wdeprecated-declarations]
   std::auto_ptr<Exception> actualError( error.clone() );
        ^~~~~~~~
In file included from /home/sabooh/buildroot_try5/buildroot/output/host/opt/ext-toolchain/arm-linux-gnueabihf/include/c++/6.4.1/memory:81:0,
                 from Protector.cpp:6:
/home/sabooh/buildroot_try5/buildroot/output/host/opt/ext-toolchain/arm-linux-gnueabihf/include/c++/6.4.1/bits/unique_ptr.h:49:28: note: declared here
   template<typename> class auto_ptr;
                            ^~~~~~~~
Protector.cpp: In member function 'void CppUnit::Protector::reportFailure(const CppUnit::ProtectorContext&, const CppUnit::Exception&) const':
Protector.cpp:45:8: warning: 'template<class> class std::auto_ptr' is deprecated [-Wdeprecated-declarations]
   std::auto_ptr<Exception> actualFailure( failure.clone() );
        ^~~~~~~~
In file included from /home/sabooh/buildroot_try5/buildroot/output/host/opt/ext-toolchain/arm-linux-gnueabihf/include/c++/6.4.1/memory:81:0,
                 from Protector.cpp:6:
/home/sabooh/buildroot_try5/buildroot/output/host/opt/ext-toolchain/arm-linux-gnueabihf/include/c++/6.4.1/bits/unique_ptr.h:49:28: note: declared here
   template<typename> class auto_ptr;
                            ^~~~~~~~
  CXX      TestCaseDecorator.lo
  CXX      TestCase.lo
  CXX      TestComposite.lo
  CXX      TestDecorator.lo
  CXX      TestFactoryRegistry.lo
  CXX      TestLeaf.lo
  CXX      TestFailure.lo
  CXX      TestNamer.lo
  CXX      TestPath.lo
  CXX      TestPlugInDefaultImpl.lo
  CXX      TestResult.lo
  CXX      TestResultCollector.lo
  CXX      TestRunner.lo
  CXX      TestSetUp.lo
  CXX      TestSuccessListener.lo
  CXX      TestSuite.lo
  CXX      TestSuiteBuilderContext.lo
  CXX      TextOutputter.lo
  CXX      TextTestProgressListener.lo
  CXX      TextTestResult.lo
  CXX      TextTestRunner.lo
  CXX      TypeInfoHelper.lo
  CXX      UnixDynamicLibraryManager.lo
  CXX      XmlDocument.lo
  CXX      ShlDynamicLibraryManager.lo
  CXX      XmlElement.lo
  CXX      XmlOutputter.lo
  CXX      XmlOutputterHook.lo
  CXX      Win32DynamicLibraryManager.lo
  CXXLD    libcppunit.la
Making all in DllPlugInTester
  CXX      DllPlugInTester.o
  CXX      CommandLineParser.o
  CXXLD    DllPlugInTester
make[4]: Nothing to be done for 'all-am'.
Making all in include
Making all in cppunit
Making all in extensions
make[5]: Nothing to be done for 'all'.
Making all in ui
Making all in text
make[6]: Nothing to be done for 'all'.
Making all in mfc
make[6]: Nothing to be done for 'all'.
Making all in qt
make[6]: Nothing to be done for 'all'.
make[6]: Nothing to be done for 'all-am'.
Making all in plugin
make[5]: Nothing to be done for 'all'.
Making all in config
make[5]: Nothing to be done for 'all'.
Making all in tools
make[5]: Nothing to be done for 'all'.
Making all in portability
make[5]: Nothing to be done for 'all'.
make[5]: Nothing to be done for 'all-am'.
make[4]: Nothing to be done for 'all-am'.
Making all in examples
Making all in hierarchy
make[4]: Nothing to be done for 'all'.
Making all in cppunittest
make[4]: Nothing to be done for 'all'.
Making all in simple
  CXX      ExampleTestCase.o
  CXX      Main.o
  CXXLD    simple
Making all in ClockerPlugIn
make[4]: Nothing to be done for 'all'.
Making all in DumperPlugIn
make[4]: Nothing to be done for 'all'.
Making all in money
make[4]: Nothing to be done for 'all'.
make[4]: Nothing to be done for 'all-am'.
Making all in doc
make[3]: Nothing to be done for 'all'.
make[3]: Nothing to be done for 'all-am'.
[7m>>> cppunit 1.13.2 Installing to staging directory[27m
PATH="/home/sabooh/buildroot_try5/buildroot/output/host/bin:/home/sabooh/buildroot_try5/buildroot/output/host/sbin:/home/sabooh/bin:/home/sabooh/.local/bin:/usr/local/sbin:/usr/local/bin:/usr/sbin:/usr/bin:/sbin:/bin:/usr/games:/usr/local/games:/snap/bin"  /usr/bin/make  DESTDIR=/home/sabooh/buildroot_try5/buildroot/output/host/arm-buildroot-linux-gnueabihf/sysroot install -C /home/sabooh/buildroot_try5/buildroot/output/build/cppunit-1.13.2/
Making install in src
Making install in cppunit
make[5]: Nothing to be done for 'install-data-am'.
 /bin/mkdir -p '/home/sabooh/buildroot_try5/buildroot/output/host/arm-buildroot-linux-gnueabihf/sysroot/usr/lib'
 /bin/bash ../../libtool   --mode=install /usr/bin/install -c   libcppunit.la '/home/sabooh/buildroot_try5/buildroot/output/host/arm-buildroot-linux-gnueabihf/sysroot/usr/lib'
libtool: install: /usr/bin/install -c .libs/libcppunit-1.13.so.0.0.2 /home/sabooh/buildroot_try5/buildroot/output/host/arm-buildroot-linux-gnueabihf/sysroot/usr/lib/libcppunit-1.13.so.0.0.2
libtool: install: (cd /home/sabooh/buildroot_try5/buildroot/output/host/arm-buildroot-linux-gnueabihf/sysroot/usr/lib && { ln -s -f libcppunit-1.13.so.0.0.2 libcppunit-1.13.so.0 || { rm -f libcppunit-1.13.so.0 && ln -s libcppunit-1.13.so.0.0.2 libcppunit-1.13.so.0; }; })
libtool: install: (cd /home/sabooh/buildroot_try5/buildroot/output/host/arm-buildroot-linux-gnueabihf/sysroot/usr/lib && { ln -s -f libcppunit-1.13.so.0.0.2 libcppunit.so || { rm -f libcppunit.so && ln -s libcppunit-1.13.so.0.0.2 libcppunit.so; }; })
libtool: install: /usr/bin/install -c .libs/libcppunit.lai /home/sabooh/buildroot_try5/buildroot/output/host/arm-buildroot-linux-gnueabihf/sysroot/usr/lib/libcppunit.la
libtool: install: warning: remember to run `libtool --finish /usr/lib'
Making install in DllPlugInTester
make[5]: Nothing to be done for 'install-data-am'.
 /bin/mkdir -p '/home/sabooh/buildroot_try5/buildroot/output/host/arm-buildroot-linux-gnueabihf/sysroot/usr/bin'
  /bin/bash ../../libtool   --mode=install /usr/bin/install -c DllPlugInTester '/home/sabooh/buildroot_try5/buildroot/output/host/arm-buildroot-linux-gnueabihf/sysroot/usr/bin'
libtool: install: /usr/bin/install -c DllPlugInTester /home/sabooh/buildroot_try5/buildroot/output/host/arm-buildroot-linux-gnueabihf/sysroot/usr/bin/DllPlugInTester
make[5]: Nothing to be done for 'install-exec-am'.
make[5]: Nothing to be done for 'install-data-am'.
Making install in include
Making install in cppunit
Making install in extensions
make[6]: Nothing to be done for 'install-exec-am'.
 /bin/mkdir -p '/home/sabooh/buildroot_try5/buildroot/output/host/arm-buildroot-linux-gnueabihf/sysroot/usr/include/cppunit/extensions'
 /usr/bin/install -c -m 644 TestFactory.h AutoRegisterSuite.h HelperMacros.h Orthodox.h RepeatedTest.h ExceptionTestCaseDecorator.h TestCaseDecorator.h TestDecorator.h TestFactoryRegistry.h TestFixtureFactory.h TestNamer.h TestSetUp.h TestSuiteBuilderContext.h TestSuiteFactory.h TypeInfoHelper.h '/home/sabooh/buildroot_try5/buildroot/output/host/arm-buildroot-linux-gnueabihf/sysroot/usr/include/cppunit/extensions'
Making install in ui
Making install in text
make[7]: Nothing to be done for 'install-exec-am'.
 /bin/mkdir -p '/home/sabooh/buildroot_try5/buildroot/output/host/arm-buildroot-linux-gnueabihf/sysroot/usr/include/cppunit/ui/text'
 /usr/bin/install -c -m 644 TestRunner.h TextTestRunner.h '/home/sabooh/buildroot_try5/buildroot/output/host/arm-buildroot-linux-gnueabihf/sysroot/usr/include/cppunit/ui/text'
Making install in mfc
make[7]: Nothing to be done for 'install-exec-am'.
 /bin/mkdir -p '/home/sabooh/buildroot_try5/buildroot/output/host/arm-buildroot-linux-gnueabihf/sysroot/usr/include/cppunit/ui/mfc'
 /usr/bin/install -c -m 644 TestRunner.h MfcTestRunner.h '/home/sabooh/buildroot_try5/buildroot/output/host/arm-buildroot-linux-gnueabihf/sysroot/usr/include/cppunit/ui/mfc'
Making install in qt
make[7]: Nothing to be done for 'install-exec-am'.
 /bin/mkdir -p '/home/sabooh/buildroot_try5/buildroot/output/host/arm-buildroot-linux-gnueabihf/sysroot/usr/include/cppunit/ui/qt'
 /usr/bin/install -c -m 644 TestRunner.h QtTestRunner.h Config.h '/home/sabooh/buildroot_try5/buildroot/output/host/arm-buildroot-linux-gnueabihf/sysroot/usr/include/cppunit/ui/qt'
make[7]: Nothing to be done for 'install-exec-am'.
make[7]: Nothing to be done for 'install-data-am'.
Making install in plugin
make[6]: Nothing to be done for 'install-exec-am'.
 /bin/mkdir -p '/home/sabooh/buildroot_try5/buildroot/output/host/arm-buildroot-linux-gnueabihf/sysroot/usr/include/cppunit/plugin'
 /usr/bin/install -c -m 644 DynamicLibraryManager.h DynamicLibraryManagerException.h TestPlugIn.h TestPlugInDefaultImpl.h PlugInManager.h PlugInParameters.h '/home/sabooh/buildroot_try5/buildroot/output/host/arm-buildroot-linux-gnueabihf/sysroot/usr/include/cppunit/plugin'
Making install in config
make[6]: Nothing to be done for 'install-exec-am'.
 /bin/mkdir -p '/home/sabooh/buildroot_try5/buildroot/output/host/arm-buildroot-linux-gnueabihf/sysroot/usr/include/cppunit/config'
 /usr/bin/install -c -m 644 config-bcb5.h config-evc4.h config-mac.h config-msvc6.h SelectDllLoader.h CppUnitApi.h SourcePrefix.h '/home/sabooh/buildroot_try5/buildroot/output/host/arm-buildroot-linux-gnueabihf/sysroot/usr/include/cppunit/config'
Making install in tools
make[6]: Nothing to be done for 'install-exec-am'.
 /bin/mkdir -p '/home/sabooh/buildroot_try5/buildroot/output/host/arm-buildroot-linux-gnueabihf/sysroot/usr/include/cppunit/tools'
 /usr/bin/install -c -m 644 Algorithm.h StringTools.h XmlElement.h XmlDocument.h '/home/sabooh/buildroot_try5/buildroot/output/host/arm-buildroot-linux-gnueabihf/sysroot/usr/include/cppunit/tools'
Making install in portability
make[6]: Nothing to be done for 'install-exec-am'.
 /bin/mkdir -p '/home/sabooh/buildroot_try5/buildroot/output/host/arm-buildroot-linux-gnueabihf/sysroot/usr/include/cppunit/portability'
 /usr/bin/install -c -m 644 CppUnitDeque.h CppUnitMap.h CppUnitSet.h CppUnitStack.h CppUnitVector.h FloatingPoint.h Stream.h '/home/sabooh/buildroot_try5/buildroot/output/host/arm-buildroot-linux-gnueabihf/sysroot/usr/include/cppunit/portability'
make[6]: Nothing to be done for 'install-exec-am'.
 /bin/mkdir -p '/home/sabooh/buildroot_try5/buildroot/output/host/arm-buildroot-linux-gnueabihf/sysroot/usr/include/cppunit'
 /usr/bin/install -c -m 644 config-auto.h AdditionalMessage.h Asserter.h BriefTestProgressListener.h CompilerOutputter.h Exception.h Message.h Outputter.h Portability.h Protector.h SourceLine.h SynchronizedObject.h Test.h TestAssert.h TestCase.h TestCaller.h TestComposite.h TestFailure.h TestFixture.h TestLeaf.h TestPath.h TestResult.h TestResultCollector.h TestRunner.h TestSuccessListener.h TestSuite.h TextOutputter.h TextTestProgressListener.h TextTestResult.h TextTestRunner.h TestListener.h XmlOutputter.h XmlOutputterHook.h '/home/sabooh/buildroot_try5/buildroot/output/host/arm-buildroot-linux-gnueabihf/sysroot/usr/include/cppunit'
make[5]: Nothing to be done for 'install-exec-am'.
make[5]: Nothing to be done for 'install-data-am'.
Making install in examples
Making install in hierarchy
make[5]: Nothing to be done for 'install-exec-am'.
make[5]: Nothing to be done for 'install-data-am'.
Making install in cppunittest
make[5]: Nothing to be done for 'install-exec-am'.
make[5]: Nothing to be done for 'install-data-am'.
Making install in simple
make[5]: Nothing to be done for 'install-exec-am'.
make[5]: Nothing to be done for 'install-data-am'.
Making install in ClockerPlugIn
make[5]: Nothing to be done for 'install-exec-am'.
make[5]: Nothing to be done for 'install-data-am'.
Making install in DumperPlugIn
make[5]: Nothing to be done for 'install-exec-am'.
make[5]: Nothing to be done for 'install-data-am'.
Making install in money
make[5]: Nothing to be done for 'install-exec-am'.
make[5]: Nothing to be done for 'install-data-am'.
make[5]: Nothing to be done for 'install-exec-am'.
make[5]: Nothing to be done for 'install-data-am'.
Making install in doc
make[4]: Nothing to be done for 'install-exec-am'.
/usr/bin/make  install-data-hook
make[5]: Nothing to be done for 'install-data-hook'.
 /bin/mkdir -p '/home/sabooh/buildroot_try5/buildroot/output/host/arm-buildroot-linux-gnueabihf/sysroot/usr/bin'
 /bin/mkdir -p '/home/sabooh/buildroot_try5/buildroot/output/host/arm-buildroot-linux-gnueabihf/sysroot/usr/share/aclocal'
 /bin/mkdir -p '/home/sabooh/buildroot_try5/buildroot/output/host/arm-buildroot-linux-gnueabihf/sysroot/usr/lib/pkgconfig'
 /bin/mkdir -p '/home/sabooh/buildroot_try5/buildroot/output/host/arm-buildroot-linux-gnueabihf/sysroot/usr/share/man/man1'
 /usr/bin/install -c cppunit-config '/home/sabooh/buildroot_try5/buildroot/output/host/arm-buildroot-linux-gnueabihf/sysroot/usr/bin'
 /usr/bin/install -c -m 644 cppunit.m4 '/home/sabooh/buildroot_try5/buildroot/output/host/arm-buildroot-linux-gnueabihf/sysroot/usr/share/aclocal'
 /usr/bin/install -c -m 644 cppunit.pc '/home/sabooh/buildroot_try5/buildroot/output/host/arm-buildroot-linux-gnueabihf/sysroot/usr/lib/pkgconfig'
 /usr/bin/install -c -m 644 cppunit-config.1 '/home/sabooh/buildroot_try5/buildroot/output/host/arm-buildroot-linux-gnueabihf/sysroot/usr/share/man/man1'
[7m>>> cppunit 1.13.2 Fixing libtool files[27m
[7m>>> cppunit 1.13.2 Installing to target[27m
PATH="/home/sabooh/buildroot_try5/buildroot/output/host/bin:/home/sabooh/buildroot_try5/buildroot/output/host/sbin:/home/sabooh/bin:/home/sabooh/.local/bin:/usr/local/sbin:/usr/local/bin:/usr/sbin:/usr/bin:/sbin:/bin:/usr/games:/usr/local/games:/snap/bin"  /usr/bin/make  DESTDIR=/home/sabooh/buildroot_try5/buildroot/output/target install -C /home/sabooh/buildroot_try5/buildroot/output/build/cppunit-1.13.2/
Making install in src
Making install in cppunit
make[5]: Nothing to be done for 'install-data-am'.
 /bin/mkdir -p '/home/sabooh/buildroot_try5/buildroot/output/target/usr/lib'
 /bin/bash ../../libtool   --mode=install /usr/bin/install -c   libcppunit.la '/home/sabooh/buildroot_try5/buildroot/output/target/usr/lib'
libtool: install: /usr/bin/install -c .libs/libcppunit-1.13.so.0.0.2 /home/sabooh/buildroot_try5/buildroot/output/target/usr/lib/libcppunit-1.13.so.0.0.2
libtool: install: (cd /home/sabooh/buildroot_try5/buildroot/output/target/usr/lib && { ln -s -f libcppunit-1.13.so.0.0.2 libcppunit-1.13.so.0 || { rm -f libcppunit-1.13.so.0 && ln -s libcppunit-1.13.so.0.0.2 libcppunit-1.13.so.0; }; })
libtool: install: (cd /home/sabooh/buildroot_try5/buildroot/output/target/usr/lib && { ln -s -f libcppunit-1.13.so.0.0.2 libcppunit.so || { rm -f libcppunit.so && ln -s libcppunit-1.13.so.0.0.2 libcppunit.so; }; })
libtool: install: /usr/bin/install -c .libs/libcppunit.lai /home/sabooh/buildroot_try5/buildroot/output/target/usr/lib/libcppunit.la
libtool: install: warning: remember to run `libtool --finish /usr/lib'
Making install in DllPlugInTester
make[5]: Nothing to be done for 'install-data-am'.
 /bin/mkdir -p '/home/sabooh/buildroot_try5/buildroot/output/target/usr/bin'
  /bin/bash ../../libtool   --mode=install /usr/bin/install -c DllPlugInTester '/home/sabooh/buildroot_try5/buildroot/output/target/usr/bin'
libtool: install: /usr/bin/install -c DllPlugInTester /home/sabooh/buildroot_try5/buildroot/output/target/usr/bin/DllPlugInTester
make[5]: Nothing to be done for 'install-exec-am'.
make[5]: Nothing to be done for 'install-data-am'.
Making install in include
Making install in cppunit
Making install in extensions
make[6]: Nothing to be done for 'install-exec-am'.
 /bin/mkdir -p '/home/sabooh/buildroot_try5/buildroot/output/target/usr/include/cppunit/extensions'
 /usr/bin/install -c -m 644 TestFactory.h AutoRegisterSuite.h HelperMacros.h Orthodox.h RepeatedTest.h ExceptionTestCaseDecorator.h TestCaseDecorator.h TestDecorator.h TestFactoryRegistry.h TestFixtureFactory.h TestNamer.h TestSetUp.h TestSuiteBuilderContext.h TestSuiteFactory.h TypeInfoHelper.h '/home/sabooh/buildroot_try5/buildroot/output/target/usr/include/cppunit/extensions'
Making install in ui
Making install in text
make[7]: Nothing to be done for 'install-exec-am'.
 /bin/mkdir -p '/home/sabooh/buildroot_try5/buildroot/output/target/usr/include/cppunit/ui/text'
 /usr/bin/install -c -m 644 TestRunner.h TextTestRunner.h '/home/sabooh/buildroot_try5/buildroot/output/target/usr/include/cppunit/ui/text'
Making install in mfc
make[7]: Nothing to be done for 'install-exec-am'.
 /bin/mkdir -p '/home/sabooh/buildroot_try5/buildroot/output/target/usr/include/cppunit/ui/mfc'
 /usr/bin/install -c -m 644 TestRunner.h MfcTestRunner.h '/home/sabooh/buildroot_try5/buildroot/output/target/usr/include/cppunit/ui/mfc'
Making install in qt
make[7]: Nothing to be done for 'install-exec-am'.
 /bin/mkdir -p '/home/sabooh/buildroot_try5/buildroot/output/target/usr/include/cppunit/ui/qt'
 /usr/bin/install -c -m 644 TestRunner.h QtTestRunner.h Config.h '/home/sabooh/buildroot_try5/buildroot/output/target/usr/include/cppunit/ui/qt'
make[7]: Nothing to be done for 'install-exec-am'.
make[7]: Nothing to be done for 'install-data-am'.
Making install in plugin
make[6]: Nothing to be done for 'install-exec-am'.
 /bin/mkdir -p '/home/sabooh/buildroot_try5/buildroot/output/target/usr/include/cppunit/plugin'
 /usr/bin/install -c -m 644 DynamicLibraryManager.h DynamicLibraryManagerException.h TestPlugIn.h TestPlugInDefaultImpl.h PlugInManager.h PlugInParameters.h '/home/sabooh/buildroot_try5/buildroot/output/target/usr/include/cppunit/plugin'
Making install in config
make[6]: Nothing to be done for 'install-exec-am'.
 /bin/mkdir -p '/home/sabooh/buildroot_try5/buildroot/output/target/usr/include/cppunit/config'
 /usr/bin/install -c -m 644 config-bcb5.h config-evc4.h config-mac.h config-msvc6.h SelectDllLoader.h CppUnitApi.h SourcePrefix.h '/home/sabooh/buildroot_try5/buildroot/output/target/usr/include/cppunit/config'
Making install in tools
make[6]: Nothing to be done for 'install-exec-am'.
 /bin/mkdir -p '/home/sabooh/buildroot_try5/buildroot/output/target/usr/include/cppunit/tools'
 /usr/bin/install -c -m 644 Algorithm.h StringTools.h XmlElement.h XmlDocument.h '/home/sabooh/buildroot_try5/buildroot/output/target/usr/include/cppunit/tools'
Making install in portability
make[6]: Nothing to be done for 'install-exec-am'.
 /bin/mkdir -p '/home/sabooh/buildroot_try5/buildroot/output/target/usr/include/cppunit/portability'
 /usr/bin/install -c -m 644 CppUnitDeque.h CppUnitMap.h CppUnitSet.h CppUnitStack.h CppUnitVector.h FloatingPoint.h Stream.h '/home/sabooh/buildroot_try5/buildroot/output/target/usr/include/cppunit/portability'
make[6]: Nothing to be done for 'install-exec-am'.
 /bin/mkdir -p '/home/sabooh/buildroot_try5/buildroot/output/target/usr/include/cppunit'
 /usr/bin/install -c -m 644 config-auto.h AdditionalMessage.h Asserter.h BriefTestProgressListener.h CompilerOutputter.h Exception.h Message.h Outputter.h Portability.h Protector.h SourceLine.h SynchronizedObject.h Test.h TestAssert.h TestCase.h TestCaller.h TestComposite.h TestFailure.h TestFixture.h TestLeaf.h TestPath.h TestResult.h TestResultCollector.h TestRunner.h TestSuccessListener.h TestSuite.h TextOutputter.h TextTestProgressListener.h TextTestResult.h TextTestRunner.h TestListener.h XmlOutputter.h XmlOutputterHook.h '/home/sabooh/buildroot_try5/buildroot/output/target/usr/include/cppunit'
make[5]: Nothing to be done for 'install-exec-am'.
make[5]: Nothing to be done for 'install-data-am'.
Making install in examples
Making install in hierarchy
make[5]: Nothing to be done for 'install-exec-am'.
make[5]: Nothing to be done for 'install-data-am'.
Making install in cppunittest
make[5]: Nothing to be done for 'install-exec-am'.
make[5]: Nothing to be done for 'install-data-am'.
Making install in simple
make[5]: Nothing to be done for 'install-exec-am'.
make[5]: Nothing to be done for 'install-data-am'.
Making install in ClockerPlugIn
make[5]: Nothing to be done for 'install-exec-am'.
make[5]: Nothing to be done for 'install-data-am'.
Making install in DumperPlugIn
make[5]: Nothing to be done for 'install-exec-am'.
make[5]: Nothing to be done for 'install-data-am'.
Making install in money
make[5]: Nothing to be done for 'install-exec-am'.
make[5]: Nothing to be done for 'install-data-am'.
make[5]: Nothing to be done for 'install-exec-am'.
make[5]: Nothing to be done for 'install-data-am'.
Making install in doc
make[4]: Nothing to be done for 'install-exec-am'.
/usr/bin/make  install-data-hook
make[5]: Nothing to be done for 'install-data-hook'.
 /bin/mkdir -p '/home/sabooh/buildroot_try5/buildroot/output/target/usr/bin'
 /bin/mkdir -p '/home/sabooh/buildroot_try5/buildroot/output/target/usr/share/aclocal'
 /bin/mkdir -p '/home/sabooh/buildroot_try5/buildroot/output/target/usr/lib/pkgconfig'
 /bin/mkdir -p '/home/sabooh/buildroot_try5/buildroot/output/target/usr/share/man/man1'
 /usr/bin/install -c -m 644 cppunit.m4 '/home/sabooh/buildroot_try5/buildroot/output/target/usr/share/aclocal'
 /usr/bin/install -c cppunit-config '/home/sabooh/buildroot_try5/buildroot/output/target/usr/bin'
 /usr/bin/install -c -m 644 cppunit.pc '/home/sabooh/buildroot_try5/buildroot/output/target/usr/lib/pkgconfig'
 /usr/bin/install -c -m 644 cppunit-config.1 '/home/sabooh/buildroot_try5/buildroot/output/target/usr/share/man/man1'
[7m>>> gnuradio 3.7.11 Building[27m
PATH="/home/sabooh/buildroot_try5/buildroot/output/host/bin:/home/sabooh/buildroot_try5/buildroot/output/host/sbin:/home/sabooh/bin:/home/sabooh/.local/bin:/usr/local/sbin:/usr/local/bin:/usr/sbin:/usr/bin:/sbin:/bin:/usr/games:/usr/local/games:/snap/bin"  /usr/bin/make   -C /home/sabooh/buildroot_try5/buildroot/output/build/gnuradio-3.7.11//buildroot-build
[  0%] Built target digital_generated_includes
[  0%] Built target pygen_gnuradio_runtime_python_gnuradio_gru_cf5e5
[  0%] Built target pygen_gnuradio_runtime_python_gnuradio_gr_4f467
[  2%] Built target blocks_generated_includes
[  2%] Built target pygen_gnuradio_runtime_python_gnuradio_ctrlport_3b6eb
[  2%] Built target pygen_volk_python_volk_modtool_e3539
[  2%] Built target pmt_generated
[  2%] Built target pygen_gnuradio_runtime_python_pmt_eb8f8
[  2%] Built target filter_generated_includes
[  2%] Built target pygen_volk_python_volk_modtool_ad12a
[  2%] Built target pygen_gnuradio_runtime_examples_network_d4a64
[  2%] Built target pygen_gnuradio_runtime_python_gnuradio_bf8e5
[  2%] Built target pygen_gnuradio_runtime_examples_mp_sched_db30f
[  2%] Built target analog_generated_includes
[  3%] Built target pygen_gnuradio_runtime_examples_volk_benchmark_ed6ea
[  3%] Built target pygen_gnuradio_runtime_python_gnuradio_ctrlport_63d33
[  3%] Built target pygen_gr_blocks_examples_tags_ab71e
[  4%] Built target pygen_gr_blocks_python_grc_gnuradio_8b2e8
[  4%] Built target pygen_gr_blocks_swig_64263
[  4%] Built target pygen_gr_blocks_python_blocks_6c83c
[  4%] Built target pygen_grc_core_utils_102df
[  9%] Built target volk_obj
[  9%] Built target pygen_gr_blocks_examples_ctrlport_85c1f
[  9%] Built target pygen_gr_blocks_python_grc_gnuradio_2a581
[  9%] Built target grc_generated_xml
[ 10%] Built target pygen_grc_core_ce8b8
[ 10%] Built target pygen_grc_gui_74f77
[ 10%] Built target pygen_grc_e9654
[ 10%] Built target pygen_gr_fec_python_fec_8b140
[ 10%] Built target pygen_grc_scripts_4a028
[ 10%] Built target pygen_gr_fec_python_fec_polar_f667e
[ 10%] Built target pygen_grc_core_generator_17547
[ 10%] Built target pygen_gr_fec_python_fec_LDPC_5a8e9
[ 10%] Built target pygen_gr_fec_python_fec_polar_f8ed5
[ 10%] Built target pygen_gr_analog_examples_8e75b
[ 10%] Built target pygen_gr_filter_python_filter_design_b4ac8
[ 10%] Built target pygen_gr_analog_examples_tags_4ece1
[ 10%] Built target pygen_gr_filter_apps_d4cbd
[ 10%] Built target pygen_gr_fft_python_fft_40ce4
[ 10%] Built target pygen_gr_filter_python_filter_4deec
[ 11%] Built target pygen_gr_filter_examples_1ab0b
[ 11%] Built target pygen_gr_filter_python_filter_gui_af034
[ 11%] Built target pygen_gr_digital_swig_4e3e8
[ 11%] Built target pygen_gr_analog_python_analog_acb04
[ 11%] Built target pygen_gr_digital_python_digital_0fa2e
[ 11%] Built target pygen_gr_digital_python_grc_gnuradio_fc07c
[ 12%] Built target pygen_gr_digital_examples_aa798
[ 12%] Built target pygen_gr_digital_python_digital_abe6f
[ 12%] Built target pygen_gr_dtv_apps_588ab
[ 12%] Built target pygen_gr_digital_examples_ef4ff
[ 12%] Built target pygen_gr_atsc_python_atsc_33c59
[ 12%] Built target pygen_gr_audio_python_audio_13488
[ 13%] Built target pygen_gr_atsc_python_atsc_f3743
[ 14%] Built target pygen_gr_digital_examples_bda02
[ 15%] Built target pygen_gr_uhd_apps_2bba7
[ 15%] Built target uhd_grc_xml_blocks
[ 15%] Built target pygen_gr_dtv_examples_77891
[ 15%] Built target pygen_gr_dtv_python_dtv_5e295
[ 16%] Built target pygen_gr_audio_examples_python_1b962
[ 16%] Built target pygen_gr_uhd_python_uhd_198ee
[ 16%] Built target pygen_gr_channels_python_channels_3dd2d
[ 16%] Built target pygen_gr_uhd_apps_62ac1
[ 16%] Built target pygen_gr_uhd_apps_75298
[ 18%] Built target pygen_gr_uhd_examples_python_0fa0e
[ 18%] Built target pygen_gr_uhd_apps_6b0b2
[ 18%] Built target pygen_gr_utils_python_utils_2cdf0
[ 19%] Built target pygen_gr_utils_python_utils_c1b8f
[ 19%] Built target pygen_gr_utils_python_modtool_bf834
[ 19%] Built target pygen_gr_uhd_apps_b5805
[ 20%] Built target gnuradio-pmt
[ 20%] Built target volk
[ 20%] Built target doxygen_target
[ 20%] Built target _pmt_swig_doc_tag
[ 21%] Built target volk-config-info
[ 22%] Built target pmt_swig_swig_doc
[ 23%] Built target volk_profile
[ 24%] Built target _pmt_swig_swig_tag
[ 29%] Built target gnuradio-runtime
[ 29%] Built target pmt_swig_gnuradio_runtime_swig_7dd5e
[ 29%] Built target gnuradio-config-info
[ 30%] Built target gnuradio-fft
[ 30%] Built target gnuradio-uhd
[ 31%] Built target gnuradio-audio
[ 31%] Built target pygen_gnuradio_runtime_swig_86878
[ 31%] Built target _pmt_swig
[ 31%] Built target tags_demo
[ 31%] Built target pmt_swig
[ 31%] Built target _runtime_swig_doc_tag
[ 31%] Built target runtime_swig_swig_doc
[ 31%] Built target _blocks_swig2_doc_tag
[ 31%] Built target _blocks_swig5_doc_tag
[ 31%] Built target _blocks_swig1_doc_tag
[ 31%] Built target _gr_filter_swig_doc_tag
[ 32%] Built target _digital_swig0_doc_tag
[ 32%] Built target _analog_swig_doc_tag
[ 33%] Built target _blocks_swig0_doc_tag
[ 33%] Built target _blocks_swig3_doc_tag
[ 33%] Built target _blocks_swig4_doc_tag
[ 33%] Built target _fft_swig_doc_tag
[ 33%] Built target _runtime_swig_swig_tag
[ 33%] Built target _digital_swig2_doc_tag
[ 33%] Built target _dtv_swig_doc_tag
[ 33%] Built target _digital_swig1_doc_tag
[ 33%] Built target _fec_swig_doc_tag
[ 33%] Built target _atsc_swig_doc_tag
[ 33%] Built target fft_swig_swig_doc
[ 33%] Built target _audio_swig_doc_tag
[ 33%] Built target _channels_swig_doc_tag
[ 34%] Built target _uhd_swig_doc_tag
[ 34%] Built target analog_swig_swig_doc
[ 34%] Built target blocks_swig1_swig_doc
[ 34%] Built target digital_swig0_swig_doc
[ 34%] Built target blocks_swig5_swig_doc
[ 34%] Built target filter_swig_swig_doc
[ 35%] Built target blocks_swig0_swig_doc
[ 35%] Built target blocks_swig4_swig_doc
[ 36%] Built target runtime_swig_gnuradio_runtime_swig_7dd5e
[ 36%] Built target dtv_swig_swig_doc
[ 36%] Built target blocks_swig2_swig_doc
[ 36%] Built target audio_swig_swig_doc
[ 36%] Built target uhd_swig_swig_doc
[ 37%] Built target channels_swig_swig_doc
[ 37%] Built target atsc_swig_swig_doc
[ 37%] Built target _filter_swig_swig_tag
[ 58%] Built target gnuradio-blocks
[ 57%] Built target digital_swig2_swig_doc
[ 59%] Built target blocks_swig3_swig_doc
[ 60%] Built target digital_swig1_swig_doc
[ 60%] Built target fec_swig_swig_doc
[ 60%] Built target _blocks_swig1_swig_tag
[ 60%] Built target _fft_swig_swig_tag
[ 61%] Built target _blocks_swig5_swig_tag
[ 61%] Built target _dtv_swig_swig_tag
[ 61%] Built target _analog_swig_swig_tag
[ 61%] Built target _digital_swig0_swig_tag
[ 61%] Built target _digital_swig2_swig_tag
[ 61%] Built target _blocks_swig0_swig_tag
[ 62%] Built target pygen_gnuradio_runtime_swig_35506
[ 62%] Built target _blocks_swig3_swig_tag
[ 62%] Built target _audio_swig_swig_tag
[ 64%] Built target _atsc_swig_swig_tag
[ 64%] Built target filter_swig_gr_filter_swig_2b734
[ 62%] Built target _runtime_swig
[ 64%] Built target _blocks_swig2_swig_tag
[ 64%] Built target _blocks_swig4_swig_tag
[ 64%] Built target _channels_swig_swig_tag
[ 64%] Built target _uhd_swig_swig_tag
[ 64%] Built target _fec_swig_swig_tag
[ 64%] Built target blocks_swig5_gr_blocks_swig_a6e57
[ 65%] Built target atsc_swig_gr_atsc_swig_4c1be
[ 65%] Built target _digital_swig1_swig_tag
[ 65%] Built target digital_swig0_gr_digital_swig_61a2d
[ 65%] Built target blocks_swig1_gr_blocks_swig_a6e57
[ 65%] Built target blocks_swig0_gr_blocks_swig_a6e57
[ 65%] Built target analog_swig_gr_analog_swig_343b7
[ 65%] Built target digital_swig2_gr_digital_swig_61a2d
[ 65%] Built target dtv_swig_gr_dtv_swig_8366b
[ 65%] Built target fft_swig_gr_fft_swig_7c2a8
[ 69%] Built target gnuradio-fec
[ 69%] Built target blocks_swig3_gr_blocks_swig_a6e57
[ 69%] Built target audio_swig_gr_audio_swig_675a4
[ 69%] Built target blocks_swig2_gr_blocks_swig_a6e57
[ 69%] Built target pygen_gr_atsc_swig_ec607
[ 69%] Built target pygen_gr_filter_swig_d970a
[ 70%] Built target fec_swig_gr_fec_swig_95135
[ 70%] Built target digital_swig1_gr_digital_swig_61a2d
[ 70%] Built target blocks_swig4_gr_blocks_swig_a6e57
[ 70%] Built target channels_swig_gr_channels_swig_733d0
[ 70%] Built target _blocks_swig5
[ 74%] Built target gnuradio-filter
[ 74%] Built target uhd_swig_gr_uhd_swig_5e3ce
[ 74%] Built target pygen_gr_blocks_swig_f42c3
[ 74%] Built target _blocks_swig0
[ 74%] Built target _blocks_swig1
[ 74%] Built target pygen_gr_blocks_swig_67a79
[ 75%] Built target pygen_gr_blocks_swig_ca2e0
[ 75%] Built target _fft_swig
[ 75%] Built target pygen_gr_digital_swig_3474b
[ 76%] Built target pygen_gr_digital_swig_0ad75
[ 77%] Built target pygen_gr_fft_swig_e62ce
[ 77%] Built target pygen_gr_analog_swig_a0e8b
[ 77%] Built target pygen_gr_blocks_swig_85584
[ 77%] Built target pygen_gr_audio_swig_3f2f1
[ 78%] Built target pygen_gr_dtv_swig_e4629
[ 78%] Built target pygen_gr_blocks_swig_5da99
[ 78%] Built target pygen_gr_digital_swig_f8a0a
[ 79%] Built target _blocks_swig4
[ 79%] Built target _audio_swig
[ 79%] Built target pygen_gr_fec_swig_c5ec3
[ 79%] Built target _blocks_swig3
[ 79%] Built target pygen_gr_blocks_swig_d7241
[ 80%] Built target _fec_swig
[ 80%] Built target _uhd_swig
[ 81%] Built target _blocks_swig2
[ 81%] Built target pygen_gr_channels_swig_e31be
[ 82%] Built target _filter_swig
[ 82%] Built target pygen_gr_uhd_swig_9ee90
[ 85%] Built target gnuradio-analog
make[4]: *** No rule to make target '../gr-atsc/lib/atsci_viterbi_gen', needed by 'gr-atsc/lib/atsci_viterbi_mux.cc'.  Stop.
CMakeFiles/Makefile2:8601: recipe for target 'gr-atsc/lib/CMakeFiles/gnuradio-atsc.dir/all' failed
make[3]: *** [gr-atsc/lib/CMakeFiles/gnuradio-atsc.dir/all] Error 2
make[3]: *** Waiting for unfinished jobs....
[ 85%] Built target dial_tone
[ 85%] Built target _analog_swig
[ 86%] Built target gnuradio-channels
[ 90%] Built target gnuradio-dtv
[ 96%] Built target gnuradio-digital
Makefile:160: recipe for target 'all' failed
make[2]: *** [all] Error 2
package/pkg-generic.mk:234: recipe for target '/home/sabooh/buildroot_try5/buildroot/output/build/gnuradio-3.7.11/.stamp_built' failed
make[1]: *** [/home/sabooh/buildroot_try5/buildroot/output/build/gnuradio-3.7.11/.stamp_built] Error 2
Makefile:79: recipe for target '_all' failed
make: *** [_all] Error 2
